<?xml version="1.0" encoding="UTF-8" ?>
<testsuite tests="1" failures="0" name="com.lin.service.GuimoServiceTest" time="0" errors="1" skipped="0">
  <properties>
    <property name="java.runtime.name" value="Java(TM) SE Runtime Environment"/>
    <property name="sun.boot.library.path" value="C:\Program Files\Java\jdk1.8.0_40\jre\bin"/>
    <property name="java.vm.version" value="25.40-b25"/>
    <property name="java.vm.vendor" value="Oracle Corporation"/>
    <property name="java.vendor.url" value="http://java.oracle.com/"/>
    <property name="path.separator" value=";"/>
    <property name="java.vm.name" value="Java HotSpot(TM) 64-Bit Server VM"/>
    <property name="file.encoding.pkg" value="sun.io"/>
    <property name="user.script" value=""/>
    <property name="user.country" value="CN"/>
    <property name="sun.java.launcher" value="SUN_STANDARD"/>
    <property name="sun.os.patch.level" value=""/>
    <property name="java.vm.specification.name" value="Java Virtual Machine Specification"/>
    <property name="user.dir" value="I:\ssm_project-master\ssm_project"/>
    <property name="java.runtime.version" value="1.8.0_40-b25"/>
    <property name="java.awt.graphicsenv" value="sun.awt.Win32GraphicsEnvironment"/>
    <property name="basedir" value="I:\ssm_project-master\ssm_project"/>
    <property name="java.endorsed.dirs" value="C:\Program Files\Java\jdk1.8.0_40\jre\lib\endorsed"/>
    <property name="os.arch" value="amd64"/>
    <property name="surefire.real.class.path" value="C:\Users\chenhuan\AppData\Local\Temp\surefirebooter8602852674304916512.jar"/>
    <property name="java.io.tmpdir" value="C:\Users\chenhuan\AppData\Local\Temp\"/>
    <property name="line.separator" value="
"/>
    <property name="java.vm.specification.vendor" value="Oracle Corporation"/>
    <property name="user.variant" value=""/>
    <property name="os.name" value="Windows 8.1"/>
    <property name="sun.jnu.encoding" value="GBK"/>
    <property name="java.library.path" value="C:\Program Files\Java\jdk1.8.0_40\jre\bin;C:\WINDOWS\Sun\Java\bin;C:\WINDOWS\system32;C:\WINDOWS;D:\app\chenhuan\product\11.2.0\dbhome_1\bin;C:\ProgramData\Oracle\Java\javapath;C:\Program Files (x86)\Intel\iCLS Client\;C:\Program Files\Intel\iCLS Client\;C:\Windows\system32;C:\Windows\System32\Wbem;C:\Windows\System32\WindowsPowerShell\v1.0\;C:\Program Files (x86)\Intel\Intel(R) Management Engine Components\DAL;C:\Program Files\Intel\Intel(R) Management Engine Components\DAL;C:\Program Files (x86)\Intel\Intel(R) Management Engine Components\IPT;C:\Program Files\Intel\Intel(R) Management Engine Components\IPT;C:\Program Files (x86)\NVIDIA Corporation\PhysX\Common;C:\Program Files (x86)\Windows Kits\8.1\Windows Performance Toolkit\;C:\Program Files\Microsoft SQL Server\110\Tools\Binn\;D:\opencv\opencv\build\x86\vc12\bin;C:\WINDOWS\System32\Wbem;C:\WINDOWS\System32\WindowsPowerShell\v1.0\;C:\Program Files\Java\jdk1.8.0_40\bin;C:\Program Files\Java\jdk1.8.0_40\Jre\bin;D:\sofeware_install\matlab2014a\runtime\win64;D:\sofeware_install\matlab2014a\bin;C:\Program Files\TortoiseGit\bin;D:\sofeware_install\Git\cmd;D:\sofeware_install\java\moven\apache-maven-3.5.0\bin;."/>
    <property name="surefire.test.class.path" value="I:\ssm_project-master\ssm_project\target\test-classes;I:\ssm_project-master\ssm_project\target\classes;I:\maven\repository\org\springframework\spring-core\3.2.8.RELEASE\spring-core-3.2.8.RELEASE.jar;I:\maven\repository\commons-logging\commons-logging\1.1.3\commons-logging-1.1.3.jar;I:\maven\repository\org\springframework\spring-webmvc\3.2.8.RELEASE\spring-webmvc-3.2.8.RELEASE.jar;I:\maven\repository\org\springframework\spring-beans\3.2.8.RELEASE\spring-beans-3.2.8.RELEASE.jar;I:\maven\repository\org\springframework\spring-expression\3.2.8.RELEASE\spring-expression-3.2.8.RELEASE.jar;I:\maven\repository\org\springframework\spring-context\3.2.8.RELEASE\spring-context-3.2.8.RELEASE.jar;I:\maven\repository\org\springframework\spring-context-support\3.2.8.RELEASE\spring-context-support-3.2.8.RELEASE.jar;I:\maven\repository\org\springframework\spring-aop\3.2.8.RELEASE\spring-aop-3.2.8.RELEASE.jar;I:\maven\repository\aopalliance\aopalliance\1.0\aopalliance-1.0.jar;I:\maven\repository\org\springframework\spring-aspects\3.2.8.RELEASE\spring-aspects-3.2.8.RELEASE.jar;I:\maven\repository\org\aspectj\aspectjweaver\1.7.4\aspectjweaver-1.7.4.jar;I:\maven\repository\org\springframework\spring-tx\3.2.8.RELEASE\spring-tx-3.2.8.RELEASE.jar;I:\maven\repository\org\springframework\spring-jdbc\3.2.8.RELEASE\spring-jdbc-3.2.8.RELEASE.jar;I:\maven\repository\org\springframework\spring-web\3.2.8.RELEASE\spring-web-3.2.8.RELEASE.jar;I:\maven\repository\junit\junit\4.9\junit-4.9.jar;I:\maven\repository\org\hamcrest\hamcrest-core\1.3\hamcrest-core-1.3.jar;I:\maven\repository\jfree\jfreechart\1.0.13\jfreechart-1.0.13.jar;I:\maven\repository\jfree\jcommon\1.0.16\jcommon-1.0.16.jar;I:\maven\repository\javax\servlet\javax.servlet-api\3.1.0\javax.servlet-api-3.1.0.jar;I:\maven\repository\javax\servlet\jstl\1.2\jstl-1.2.jar;I:\maven\repository\taglibs\standard\1.1.2\standard-1.1.2.jar;I:\maven\repository\log4j\log4j\1.2.12\log4j-1.2.12.jar;I:\maven\repository\org\slf4j\slf4j-api\1.6.6\slf4j-api-1.6.6.jar;I:\maven\repository\ch\qos\logback\logback-classic\1.1.2\logback-classic-1.1.2.jar;I:\maven\repository\ch\qos\logback\logback-core\1.1.2\logback-core-1.1.2.jar;I:\maven\repository\org\logback-extensions\logback-ext-spring\0.1.1\logback-ext-spring-0.1.1.jar;I:\maven\repository\org\springframework\spring-test\3.2.8.RELEASE\spring-test-3.2.8.RELEASE.jar;I:\maven\repository\org\mybatis\mybatis\3.2.1\mybatis-3.2.1.jar;I:\maven\repository\org\mybatis\mybatis-spring\1.2.0\mybatis-spring-1.2.0.jar;I:\maven\repository\com\oracle\ojdbc6\12.1.0.1-atlassian-hosted\ojdbc6-12.1.0.1-atlassian-hosted.jar;I:\maven\repository\mysql\mysql-connector-java\5.1.29\mysql-connector-java-5.1.29.jar;I:\maven\repository\com\github\pagehelper\pagehelper\4.0.0\pagehelper-4.0.0.jar;I:\maven\repository\com\github\jsqlparser\jsqlparser\0.9.1\jsqlparser-0.9.1.jar;I:\maven\repository\net\sf\json-lib\json-lib\2.3\json-lib-2.3-jdk15.jar;I:\maven\repository\commons-beanutils\commons-beanutils\1.8.0\commons-beanutils-1.8.0.jar;I:\maven\repository\commons-collections\commons-collections\3.2.1\commons-collections-3.2.1.jar;I:\maven\repository\commons-lang\commons-lang\2.4\commons-lang-2.4.jar;I:\maven\repository\net\sf\ezmorph\ezmorph\1.0.6\ezmorph-1.0.6.jar;I:\maven\repository\org\springframework\data\spring-data-commons\1.6.1.RELEASE\spring-data-commons-1.6.1.RELEASE.jar;I:\maven\repository\org\slf4j\jcl-over-slf4j\1.7.1\jcl-over-slf4j-1.7.1.jar;I:\maven\repository\org\springframework\data\spring-data-jpa\1.4.1.RELEASE\spring-data-jpa-1.4.1.RELEASE.jar;I:\maven\repository\org\springframework\spring-orm\3.1.4.RELEASE\spring-orm-3.1.4.RELEASE.jar;I:\maven\repository\org\aspectj\aspectjrt\1.7.2\aspectjrt-1.7.2.jar;I:\maven\repository\com\alibaba\fastjson\1.1.34\fastjson-1.1.34.jar;I:\maven\repository\javax\validation\validation-api\1.1.0.Final\validation-api-1.1.0.Final.jar;I:\maven\repository\org\hibernate\hibernate-validator\5.0.1.Final\hibernate-validator-5.0.1.Final.jar;I:\maven\repository\org\jboss\logging\jboss-logging\3.1.1.GA\jboss-logging-3.1.1.GA.jar;I:\maven\repository\com\fasterxml\classmate\0.8.0\classmate-0.8.0.jar;"/>
    <property name="java.specification.name" value="Java Platform API Specification"/>
    <property name="java.class.version" value="52.0"/>
    <property name="sun.management.compiler" value="HotSpot 64-Bit Tiered Compilers"/>
    <property name="os.version" value="6.3"/>
    <property name="user.home" value="C:\Users\chenhuan"/>
    <property name="user.timezone" value="GMT+08:00"/>
    <property name="java.awt.printerjob" value="sun.awt.windows.WPrinterJob"/>
    <property name="java.specification.version" value="1.8"/>
    <property name="file.encoding" value="GBK"/>
    <property name="user.name" value="chenhuan"/>
    <property name="java.class.path" value="I:\ssm_project-master\ssm_project\target\test-classes;I:\ssm_project-master\ssm_project\target\classes;I:\maven\repository\org\springframework\spring-core\3.2.8.RELEASE\spring-core-3.2.8.RELEASE.jar;I:\maven\repository\commons-logging\commons-logging\1.1.3\commons-logging-1.1.3.jar;I:\maven\repository\org\springframework\spring-webmvc\3.2.8.RELEASE\spring-webmvc-3.2.8.RELEASE.jar;I:\maven\repository\org\springframework\spring-beans\3.2.8.RELEASE\spring-beans-3.2.8.RELEASE.jar;I:\maven\repository\org\springframework\spring-expression\3.2.8.RELEASE\spring-expression-3.2.8.RELEASE.jar;I:\maven\repository\org\springframework\spring-context\3.2.8.RELEASE\spring-context-3.2.8.RELEASE.jar;I:\maven\repository\org\springframework\spring-context-support\3.2.8.RELEASE\spring-context-support-3.2.8.RELEASE.jar;I:\maven\repository\org\springframework\spring-aop\3.2.8.RELEASE\spring-aop-3.2.8.RELEASE.jar;I:\maven\repository\aopalliance\aopalliance\1.0\aopalliance-1.0.jar;I:\maven\repository\org\springframework\spring-aspects\3.2.8.RELEASE\spring-aspects-3.2.8.RELEASE.jar;I:\maven\repository\org\aspectj\aspectjweaver\1.7.4\aspectjweaver-1.7.4.jar;I:\maven\repository\org\springframework\spring-tx\3.2.8.RELEASE\spring-tx-3.2.8.RELEASE.jar;I:\maven\repository\org\springframework\spring-jdbc\3.2.8.RELEASE\spring-jdbc-3.2.8.RELEASE.jar;I:\maven\repository\org\springframework\spring-web\3.2.8.RELEASE\spring-web-3.2.8.RELEASE.jar;I:\maven\repository\junit\junit\4.9\junit-4.9.jar;I:\maven\repository\org\hamcrest\hamcrest-core\1.3\hamcrest-core-1.3.jar;I:\maven\repository\jfree\jfreechart\1.0.13\jfreechart-1.0.13.jar;I:\maven\repository\jfree\jcommon\1.0.16\jcommon-1.0.16.jar;I:\maven\repository\javax\servlet\javax.servlet-api\3.1.0\javax.servlet-api-3.1.0.jar;I:\maven\repository\javax\servlet\jstl\1.2\jstl-1.2.jar;I:\maven\repository\taglibs\standard\1.1.2\standard-1.1.2.jar;I:\maven\repository\log4j\log4j\1.2.12\log4j-1.2.12.jar;I:\maven\repository\org\slf4j\slf4j-api\1.6.6\slf4j-api-1.6.6.jar;I:\maven\repository\ch\qos\logback\logback-classic\1.1.2\logback-classic-1.1.2.jar;I:\maven\repository\ch\qos\logback\logback-core\1.1.2\logback-core-1.1.2.jar;I:\maven\repository\org\logback-extensions\logback-ext-spring\0.1.1\logback-ext-spring-0.1.1.jar;I:\maven\repository\org\springframework\spring-test\3.2.8.RELEASE\spring-test-3.2.8.RELEASE.jar;I:\maven\repository\org\mybatis\mybatis\3.2.1\mybatis-3.2.1.jar;I:\maven\repository\org\mybatis\mybatis-spring\1.2.0\mybatis-spring-1.2.0.jar;I:\maven\repository\com\oracle\ojdbc6\12.1.0.1-atlassian-hosted\ojdbc6-12.1.0.1-atlassian-hosted.jar;I:\maven\repository\mysql\mysql-connector-java\5.1.29\mysql-connector-java-5.1.29.jar;I:\maven\repository\com\github\pagehelper\pagehelper\4.0.0\pagehelper-4.0.0.jar;I:\maven\repository\com\github\jsqlparser\jsqlparser\0.9.1\jsqlparser-0.9.1.jar;I:\maven\repository\net\sf\json-lib\json-lib\2.3\json-lib-2.3-jdk15.jar;I:\maven\repository\commons-beanutils\commons-beanutils\1.8.0\commons-beanutils-1.8.0.jar;I:\maven\repository\commons-collections\commons-collections\3.2.1\commons-collections-3.2.1.jar;I:\maven\repository\commons-lang\commons-lang\2.4\commons-lang-2.4.jar;I:\maven\repository\net\sf\ezmorph\ezmorph\1.0.6\ezmorph-1.0.6.jar;I:\maven\repository\org\springframework\data\spring-data-commons\1.6.1.RELEASE\spring-data-commons-1.6.1.RELEASE.jar;I:\maven\repository\org\slf4j\jcl-over-slf4j\1.7.1\jcl-over-slf4j-1.7.1.jar;I:\maven\repository\org\springframework\data\spring-data-jpa\1.4.1.RELEASE\spring-data-jpa-1.4.1.RELEASE.jar;I:\maven\repository\org\springframework\spring-orm\3.1.4.RELEASE\spring-orm-3.1.4.RELEASE.jar;I:\maven\repository\org\aspectj\aspectjrt\1.7.2\aspectjrt-1.7.2.jar;I:\maven\repository\com\alibaba\fastjson\1.1.34\fastjson-1.1.34.jar;I:\maven\repository\javax\validation\validation-api\1.1.0.Final\validation-api-1.1.0.Final.jar;I:\maven\repository\org\hibernate\hibernate-validator\5.0.1.Final\hibernate-validator-5.0.1.Final.jar;I:\maven\repository\org\jboss\logging\jboss-logging\3.1.1.GA\jboss-logging-3.1.1.GA.jar;I:\maven\repository\com\fasterxml\classmate\0.8.0\classmate-0.8.0.jar;"/>
    <property name="java.vm.specification.version" value="1.8"/>
    <property name="sun.arch.data.model" value="64"/>
    <property name="java.home" value="C:\Program Files\Java\jdk1.8.0_40\jre"/>
    <property name="sun.java.command" value="C:\Users\chenhuan\AppData\Local\Temp\surefirebooter8602852674304916512.jar C:\Users\chenhuan\AppData\Local\Temp\surefire8205145405170064362tmp C:\Users\chenhuan\AppData\Local\Temp\surefire5753505387533770089tmp"/>
    <property name="java.specification.vendor" value="Oracle Corporation"/>
    <property name="user.language" value="zh"/>
    <property name="awt.toolkit" value="sun.awt.windows.WToolkit"/>
    <property name="java.vm.info" value="mixed mode"/>
    <property name="java.version" value="1.8.0_40"/>
    <property name="java.ext.dirs" value="C:\Program Files\Java\jdk1.8.0_40\jre\lib\ext;C:\WINDOWS\Sun\Java\lib\ext"/>
    <property name="sun.boot.class.path" value="C:\Program Files\Java\jdk1.8.0_40\jre\lib\resources.jar;C:\Program Files\Java\jdk1.8.0_40\jre\lib\rt.jar;C:\Program Files\Java\jdk1.8.0_40\jre\lib\sunrsasign.jar;C:\Program Files\Java\jdk1.8.0_40\jre\lib\jsse.jar;C:\Program Files\Java\jdk1.8.0_40\jre\lib\jce.jar;C:\Program Files\Java\jdk1.8.0_40\jre\lib\charsets.jar;C:\Program Files\Java\jdk1.8.0_40\jre\lib\jfr.jar;C:\Program Files\Java\jdk1.8.0_40\jre\classes"/>
    <property name="java.vendor" value="Oracle Corporation"/>
    <property name="localRepository" value="I:\maven\repository"/>
    <property name="file.separator" value="\"/>
    <property name="java.vendor.url.bug" value="http://bugreport.sun.com/bugreport/"/>
    <property name="sun.cpu.endian" value="little"/>
    <property name="sun.io.unicode.encoding" value="UnicodeLittle"/>
    <property name="sun.desktop" value="windows"/>
    <property name="sun.cpu.isalist" value="amd64"/>
  </properties>
  <testcase classname="com.lin.service.GuimoServiceTest" name="initializationError" time="0">
    <error message="No runnable methods" type="java.lang.Exception">java.lang.Exception: No runnable methods
	at org.junit.runners.BlockJUnit4ClassRunner.validateInstanceMethods(BlockJUnit4ClassRunner.java:157)
	at org.junit.runners.BlockJUnit4ClassRunner.collectInitializationErrors(BlockJUnit4ClassRunner.java:102)
	at org.junit.runners.ParentRunner.validate(ParentRunner.java:336)
	at org.junit.runners.ParentRunner.&lt;init&gt;(ParentRunner.java:74)
	at org.junit.runners.BlockJUnit4ClassRunner.&lt;init&gt;(BlockJUnit4ClassRunner.java:56)
	at org.springframework.test.context.junit4.SpringJUnit4ClassRunner.&lt;init&gt;(SpringJUnit4ClassRunner.java:104)
	at sun.reflect.NativeConstructorAccessorImpl.newInstance0(Native Method)
	at sun.reflect.NativeConstructorAccessorImpl.newInstance(NativeConstructorAccessorImpl.java:62)
	at sun.reflect.DelegatingConstructorAccessorImpl.newInstance(DelegatingConstructorAccessorImpl.java:45)
	at java.lang.reflect.Constructor.newInstance(Constructor.java:422)
	at org.junit.internal.builders.AnnotatedBuilder.buildRunner(AnnotatedBuilder.java:31)
	at org.junit.internal.builders.AnnotatedBuilder.runnerForClass(AnnotatedBuilder.java:24)
	at org.junit.runners.model.RunnerBuilder.safeRunnerForClass(RunnerBuilder.java:57)
	at org.junit.internal.builders.AllDefaultPossibilitiesBuilder.runnerForClass(AllDefaultPossibilitiesBuilder.java:29)
	at org.junit.runners.model.RunnerBuilder.safeRunnerForClass(RunnerBuilder.java:57)
	at org.junit.internal.requests.ClassRequest.getRunner(ClassRequest.java:24)
	at org.apache.maven.surefire.junit4.JUnit4TestSet.&lt;init&gt;(JUnit4TestSet.java:45)
	at org.apache.maven.surefire.junit4.JUnit4DirectoryTestSuite.createTestSet(JUnit4DirectoryTestSuite.java:56)
	at org.apache.maven.surefire.suite.AbstractDirectoryTestSuite.locateTestSets(AbstractDirectoryTestSuite.java:96)
	at org.apache.maven.surefire.Surefire.createSuiteFromDefinition(Surefire.java:209)
	at org.apache.maven.surefire.Surefire.run(Surefire.java:156)
	at sun.reflect.NativeMethodAccessorImpl.invoke0(Native Method)
	at sun.reflect.NativeMethodAccessorImpl.invoke(NativeMethodAccessorImpl.java:62)
	at sun.reflect.DelegatingMethodAccessorImpl.invoke(DelegatingMethodAccessorImpl.java:43)
	at java.lang.reflect.Method.invoke(Method.java:497)
	at org.apache.maven.surefire.booter.SurefireBooter.runSuitesInProcess(SurefireBooter.java:345)
	at org.apache.maven.surefire.booter.SurefireBooter.main(SurefireBooter.java:1009)
</error>
  </testcase>
</testsuite>